2023-07-01 14:20:26:141  [TID 12168   ][INFO      ] Default Logger initialized [dmvcframework]
2023-07-01 14:20:26:168  [TID 12168   ][INFO      ] ENTER: Config default values [dmvcframework]
2023-07-01 14:20:26:168  [TID 12168   ][INFO      ] EXIT: Config default values [dmvcframework]
2023-07-01 14:20:26:168  [TID 12168   ][INFO      ] >> Custom configuration method [dmvcframework]
2023-07-01 14:20:26:168  [TID 12168   ][INFO      ] << Custom configuration method [dmvcframework]
2023-07-01 14:20:26:544  [TID 12168   ][INFO      ] GET:/api/users [0:0:0:0:0:0:0:1] -> UserControllerU.TUserController.GetUsers - 200 OK [dmvcframework]
2023-07-01 14:54:02:947  [TID 8528    ][INFO      ] Default Logger initialized [dmvcframework]
2023-07-01 14:54:02:947  [TID 8528    ][INFO      ] ENTER: Config default values [dmvcframework]
2023-07-01 14:54:02:969  [TID 8528    ][INFO      ] EXIT: Config default values [dmvcframework]
2023-07-01 14:54:02:969  [TID 8528    ][INFO      ] >> Custom configuration method [dmvcframework]
2023-07-01 14:54:02:969  [TID 8528    ][INFO      ] << Custom configuration method [dmvcframework]
2023-07-01 14:54:02:998  [TID 8528    ][INFO      ] GET:/api/public [0:0:0:0:0:0:0:1] -> PublicControllerU.TPublicController.Index - 200 OK [dmvcframework]
2023-07-01 14:54:47:597  [TID 9876    ][INFO      ] Default Logger initialized [dmvcframework]
2023-07-01 14:54:47:597  [TID 9876    ][INFO      ] ENTER: Config default values [dmvcframework]
2023-07-01 14:54:47:597  [TID 9876    ][INFO      ] EXIT: Config default values [dmvcframework]
2023-07-01 14:54:47:597  [TID 9876    ][INFO      ] >> Custom configuration method [dmvcframework]
2023-07-01 14:54:47:597  [TID 9876    ][INFO      ] << Custom configuration method [dmvcframework]
2023-07-01 14:54:47:613  [TID 9876    ][INFO      ] GET:/api/public [0:0:0:0:0:0:0:1] -> PublicControllerU.TPublicController.Index - 200 OK [dmvcframework]
2023-07-01 14:55:17:359  [TID 9876    ][ERROR     ] [EMVCJWTException] Authorization Required [PathInfo "GET /api/private/role1"] (Custom message: "") [dmvcframework]
2023-07-01 14:57:11:361  [TID 9876    ][ERROR     ] [EMVCJWTException] Authorization Required [PathInfo "GET /api/private/role1?auth(%27user1%27,%20%27pwduser1%27)"] (Custom message: "") [dmvcframework]
2023-07-01 14:57:12:985  [TID 9876    ][ERROR     ] [EMVCJWTException] Authorization Required [PathInfo "GET /api/private/role1?auth(%27user1%27,%20%27pwduser1%27)"] (Custom message: "") [dmvcframework]
2023-07-01 14:57:29:613  [TID 9876    ][ERROR     ] [EMVCJWTException] Authorization Required [PathInfo "GET /api/private/role1"] (Custom message: "") [dmvcframework]
2023-07-01 14:59:14:229  [TID 9876    ][ERROR     ] [EMVCJWTException] Forbidden [PathInfo "GET /api/login"] (Custom message: "") [dmvcframework]
2023-07-01 14:59:19:133  [TID 9876    ][ERROR     ] [EMVCJWTException] Forbidden [PathInfo "GET /api/login"] (Custom message: "") [dmvcframework]
2023-07-01 14:59:42:009  [TID 9876    ][ERROR     ] [EMVCJWTException] Forbidden [PathInfo "GET /api/login"] (Custom message: "") [dmvcframework]
2023-07-01 15:02:30:418  [TID 9876    ][ERROR     ] [EMVCJWTException] Forbidden [PathInfo "GET /api/login"] (Custom message: "") [dmvcframework]
2023-07-01 15:04:31:153  [TID 9876    ][INFO      ] GET:/api/private/role1 [0:0:0:0:0:0:0:1] -> PrivateControllerU.TPrivateController.ActionForRole1 - 200 OK [dmvcframework]
